Train Epoch: 1 [0/4500 (0%)]	Loss: 153279.328125
====> Epoch: 1 Average loss: 83036.4240
====> Test set loss: 82245.2299
83036.42397048611
82245.2299140625
epoch [2/30], loss: 83036.4240 test_loss: 82245.2299
1796.9387657642365
Train Epoch: 2 [0/4500 (0%)]	Loss: 62447.371094
====> Epoch: 2 Average loss: 80668.4879
====> Test set loss: 81395.7841
80668.48788151042
81395.7840859375
epoch [3/30], loss: 80668.4879 test_loss: 81395.7841
3560.4557917118073
Train Epoch: 3 [0/4500 (0%)]	Loss: 62232.414062
====> Epoch: 3 Average loss: 80077.6540
====> Test set loss: 81029.3377
80077.65399913194
81029.3376875
epoch [4/30], loss: 80077.6540 test_loss: 81029.3377
5282.421678543091
Train Epoch: 4 [0/4500 (0%)]	Loss: 62664.867188
====> Epoch: 4 Average loss: 79757.9510
====> Test set loss: 80796.1535
79757.9509578993
80796.153546875
epoch [5/30], loss: 79757.9510 test_loss: 80796.1535
6952.866774082184
Train Epoch: 5 [0/4500 (0%)]	Loss: 62767.554688
====> Epoch: 5 Average loss: 79514.3212
====> Test set loss: 80792.9113
79514.32116449653
80792.9113359375
epoch [6/30], loss: 79514.3212 test_loss: 80792.9113
8577.277167797089
Train Epoch: 6 [0/4500 (0%)]	Loss: 62991.375000
====> Epoch: 6 Average loss: 79306.6503
====> Test set loss: 80513.5349
79306.65034201389
80513.534921875
epoch [7/30], loss: 79306.6503 test_loss: 80513.5349
10197.60095500946
Train Epoch: 7 [0/4500 (0%)]	Loss: 62682.187500
====> Epoch: 7 Average loss: 79159.9509
====> Test set loss: 80515.9629
79159.95086024306
80515.9628515625
epoch [8/30], loss: 79159.9509 test_loss: 80515.9629
11887.391616344452
Train Epoch: 8 [0/4500 (0%)]	Loss: 62693.816406
====> Epoch: 8 Average loss: 79063.4544
====> Test set loss: 80373.3506
79063.45436631945
80373.3505546875
epoch [9/30], loss: 79063.4544 test_loss: 80373.3506
13685.021260023117
Train Epoch: 9 [0/4500 (0%)]	Loss: 63750.464844
====> Epoch: 9 Average loss: 78952.5228
====> Test set loss: 80383.2445
78952.52281336805
80383.2445234375
epoch [10/30], loss: 78952.5228 test_loss: 80383.2445
15342.174874067307
Train Epoch: 10 [0/4500 (0%)]	Loss: 63121.109375
====> Epoch: 10 Average loss: 78869.1216
====> Test set loss: 80232.2898
78869.1216436632
80232.2897734375
epoch [11/30], loss: 78869.1216 test_loss: 80232.2898
17016.07272005081
Train Epoch: 11 [0/4500 (0%)]	Loss: 61968.601562
====> Epoch: 11 Average loss: 78812.8437
====> Test set loss: 80247.2976
78812.84372829861
80247.2975625
epoch [12/30], loss: 78812.8437 test_loss: 80247.2976
18725.755234003067
Train Epoch: 12 [0/4500 (0%)]	Loss: 64227.355469
====> Epoch: 12 Average loss: 78802.7494
====> Test set loss: 80230.4100
78802.74939756944
80230.409953125
epoch [13/30], loss: 78802.7494 test_loss: 80230.4100
20432.468574523926
Train Epoch: 13 [0/4500 (0%)]	Loss: 62983.789062
====> Epoch: 13 Average loss: 78780.0213
====> Test set loss: 80325.1654
78780.02125347222
80325.1653671875
epoch [14/30], loss: 78780.0213 test_loss: 80325.1654
22082.040652036667
Train Epoch: 14 [0/4500 (0%)]	Loss: 63214.984375
====> Epoch: 14 Average loss: 78716.9944
====> Test set loss: 80102.3047
78716.99437543403
80102.30465625
epoch [15/30], loss: 78716.9944 test_loss: 80102.3047
23729.3700902462
Train Epoch: 15 [0/4500 (0%)]	Loss: 63029.695312
====> Epoch: 15 Average loss: 78656.5976
====> Test set loss: 80196.8080
78656.59760243056
80196.808
epoch [16/30], loss: 78656.5976 test_loss: 80196.8080
25377.485453605652
Train Epoch: 16 [0/4500 (0%)]	Loss: 63830.441406
====> Epoch: 16 Average loss: 78677.3855
====> Test set loss: 80276.8842
78677.38547178819
80276.88415625
epoch [17/30], loss: 78677.3855 test_loss: 80276.8842
27026.199953079224
Train Epoch: 17 [0/4500 (0%)]	Loss: 63409.984375
====> Epoch: 17 Average loss: 78720.0620
====> Test set loss: 80171.1259
78720.06198784722
80171.1259140625
epoch [18/30], loss: 78720.0620 test_loss: 80171.1259
28678.37439274788
Train Epoch: 18 [0/4500 (0%)]	Loss: 63476.085938
====> Epoch: 18 Average loss: 78692.2183
====> Test set loss: 80251.8477
78692.2183046875
80251.847734375
epoch [19/30], loss: 78692.2183 test_loss: 80251.8477
30330.467819452286
Train Epoch: 19 [0/4500 (0%)]	Loss: 63937.945312
====> Epoch: 19 Average loss: 78651.2097
====> Test set loss: 80098.3149
78651.209703125
80098.314890625
epoch [20/30], loss: 78651.2097 test_loss: 80098.3149
31978.753027439117
Train Epoch: 20 [0/4500 (0%)]	Loss: 63287.218750
====> Epoch: 20 Average loss: 78624.3151
====> Test set loss: 80291.9596
78624.31509982639
80291.959625
epoch [21/30], loss: 78624.3151 test_loss: 80291.9596
33629.090696811676
Train Epoch: 21 [0/4500 (0%)]	Loss: 63145.500000
====> Epoch: 21 Average loss: 78664.3866
====> Test set loss: 80173.1880
78664.38661762152
80173.1880234375
epoch [22/30], loss: 78664.3866 test_loss: 80173.1880
35280.48576283455
Train Epoch: 22 [0/4500 (0%)]	Loss: 63981.019531
====> Epoch: 22 Average loss: 78616.6133
====> Test set loss: 80306.8246
78616.61332638889
80306.824640625
epoch [23/30], loss: 78616.6133 test_loss: 80306.8246
36933.67993474007
Train Epoch: 23 [0/4500 (0%)]	Loss: 63170.773438
====> Epoch: 23 Average loss: 78609.9188
====> Test set loss: 80242.4340
78609.91878689236
80242.433953125
epoch [24/30], loss: 78609.9188 test_loss: 80242.4340
38585.24465918541
Train Epoch: 24 [0/4500 (0%)]	Loss: 62538.085938
====> Epoch: 24 Average loss: 78592.4060
====> Test set loss: 80207.6408
78592.40597873264
80207.64084375
epoch [25/30], loss: 78592.4060 test_loss: 80207.6408
40232.45317530632
Train Epoch: 25 [0/4500 (0%)]	Loss: 62705.656250
====> Epoch: 25 Average loss: 78569.4414
====> Test set loss: 80287.3486
78569.44139800347
80287.348625
epoch [26/30], loss: 78569.4414 test_loss: 80287.3486
41880.65353298187
Train Epoch: 26 [0/4500 (0%)]	Loss: 62442.500000
